<?xml version="1.0" encoding="UTF-8"?>
<!-- Generated by org.testng.reporters.JUnitReportReporter -->
<testsuite skipped="0" hostname="ARNALA" name="com.codon.VueHMS.testcases.PrescribedMedicines" tests="1" failures="0" timestamp="23 Aug 2021 10:58:49 GMT" time="320.192" errors="0">
  <testcase name="deleteMedicines" time="320.192" classname="com.codon.VueHMS.testcases.PrescribedMedicines"/>
</testsuite> <!-- com.codon.VueHMS.testcases.PrescribedMedicines -->
