<?xml version="1.0" encoding="UTF-8"?>
<!-- Generated by org.testng.reporters.JUnitReportReporter -->
<testsuite skipped="0" hostname="ARNALA" name="com.codon.VueHMS.testcases.Departments" tests="3" failures="0" timestamp="30 Jul 2021 06:38:37 GMT" time="504.901" errors="0">
  <testcase name="editDepartmentDetails" time="282.369" classname="com.codon.VueHMS.testcases.Departments"/>
  <testcase name="departmentCreation" time="156.959" classname="com.codon.VueHMS.testcases.Departments"/>
  <testcase name="deleteDepartment" time="65.573" classname="com.codon.VueHMS.testcases.Departments"/>
</testsuite> <!-- com.codon.VueHMS.testcases.Departments -->
