<?xml version="1.0" encoding="UTF-8"?>
<!-- Generated by org.testng.reporters.JUnitReportReporter -->
<testsuite skipped="0" hostname="ARNALA" name="com.codon.VueHMS.testcases.LocationsGrid" tests="1" failures="0" timestamp="17 Aug 2021 08:08:33 GMT" time="142.298" errors="0">
  <testcase name="deleteBed" time="142.298" classname="com.codon.VueHMS.testcases.LocationsGrid"/>
</testsuite> <!-- com.codon.VueHMS.testcases.LocationsGrid -->
