<?xml version="1.0" encoding="UTF-8"?>
<!-- Generated by org.testng.reporters.JUnitReportReporter -->
<testsuite skipped="0" hostname="ARNALA" name="com.codon.VueHMS.testcases.RolesGrid" tests="1" failures="0" timestamp="23 Jul 2021 05:45:00 GMT" time="53.268" errors="0">
  <testcase name="deleteRole" time="53.268" classname="com.codon.VueHMS.testcases.RolesGrid"/>
</testsuite> <!-- com.codon.VueHMS.testcases.RolesGrid -->
