<?xml version="1.0" encoding="UTF-8"?>
<!-- Generated by org.testng.reporters.JUnitReportReporter -->
<testsuite skipped="0" hostname="ARNALA" name="com.codon.VueHMS.testcases.Appointments" tests="2" failures="0" timestamp="19 Aug 2021 05:08:04 GMT" time="1025.598" errors="0">
  <testcase name="appointmentCreation" time="888.426" classname="com.codon.VueHMS.testcases.Appointments"/>
  <testcase name="deleteAppointment" time="137.172" classname="com.codon.VueHMS.testcases.Appointments"/>
</testsuite> <!-- com.codon.VueHMS.testcases.Appointments -->
