<?xml version="1.0" encoding="UTF-8"?>
<!-- Generated by org.testng.reporters.JUnitReportReporter -->
<testsuite skipped="0" hostname="ARNALA" name="com.codon.VueHMS.testcases.Skills" tests="3" failures="0" timestamp="30 Jul 2021 08:25:14 GMT" time="418.612" errors="0">
  <testcase name="deleteSkills" time="66.620" classname="com.codon.VueHMS.testcases.Skills"/>
  <testcase name="skillCreation" time="163.458" classname="com.codon.VueHMS.testcases.Skills"/>
  <testcase name="editSkills" time="188.534" classname="com.codon.VueHMS.testcases.Skills"/>
</testsuite> <!-- com.codon.VueHMS.testcases.Skills -->
