<?xml version="1.0" encoding="UTF-8"?>
<!-- Generated by org.testng.reporters.JUnitReportReporter -->
<testsuite skipped="0" hostname="ARNALA" name="com.codon.VueHMS.testcases.PatientsModule" tests="1" failures="0" timestamp="13 Aug 2021 09:15:26 GMT" time="24.175" errors="0">
  <testcase name="deletePatients" time="24.175" classname="com.codon.VueHMS.testcases.PatientsModule"/>
</testsuite> <!-- com.codon.VueHMS.testcases.PatientsModule -->
