<?xml version="1.0" encoding="UTF-8"?>
<!-- Generated by org.testng.reporters.JUnitReportReporter -->
<testsuite skipped="0" hostname="ARNALA" name="com.codon.VueHMS.pages.Manufacturers" tests="1" failures="0" timestamp="09 Aug 2021 08:15:01 GMT" time="159.962" errors="0">
  <testcase name="manufacturerCreation" time="159.962" classname="com.codon.VueHMS.pages.Manufacturers"/>
</testsuite> <!-- com.codon.VueHMS.pages.Manufacturers -->
