<?xml version="1.0" encoding="UTF-8"?>
<!-- Generated by org.testng.reporters.JUnitReportReporter -->
<testsuite skipped="0" hostname="ARNALA" name="com.codon.VueHMS.testcases.Manufacturers" tests="3" failures="0" timestamp="11 Aug 2021 10:01:45 GMT" time="430.304" errors="0">
  <testcase name="manufacturerCreation" time="189.437" classname="com.codon.VueHMS.testcases.Manufacturers"/>
  <testcase name="editManufacturerDetails" time="170.950" classname="com.codon.VueHMS.testcases.Manufacturers"/>
  <testcase name="deleteManufacturer" time="69.917" classname="com.codon.VueHMS.testcases.Manufacturers"/>
</testsuite> <!-- com.codon.VueHMS.testcases.Manufacturers -->
