<?xml version="1.0" encoding="UTF-8"?>
<!-- Generated by org.testng.reporters.JUnitReportReporter -->
<testsuite skipped="0" hostname="ARNALA" name="com.codon.VueHMS.testcases.PatientInfoTab" tests="1" failures="0" timestamp="19 Aug 2021 06:26:37 GMT" time="271.630" errors="0">
  <testcase name="editPatientInfo" time="271.630" classname="com.codon.VueHMS.testcases.PatientInfoTab"/>
</testsuite> <!-- com.codon.VueHMS.testcases.PatientInfoTab -->
