<?xml version="1.0" encoding="UTF-8"?>
<!-- Generated by org.testng.reporters.JUnitReportReporter -->
<testsuite skipped="0" hostname="ARNALA" name="com.codon.VueHMS.testcases.MedicinesGrid" tests="1" failures="0" timestamp="12 Aug 2021 10:31:25 GMT" time="254.678" errors="0">
  <testcase name="editStcokDetails" time="254.678" classname="com.codon.VueHMS.testcases.MedicinesGrid"/>
</testsuite> <!-- com.codon.VueHMS.testcases.MedicinesGrid -->
