<?xml version="1.0" encoding="UTF-8"?>
<!-- Generated by org.testng.reporters.JUnitReportReporter -->
<testsuite skipped="0" hostname="ARNALA" name="com.codon.VueHMS.testcases.ServicesOfferedGrid" tests="1" failures="0" timestamp="16 Aug 2021 07:00:09 GMT" time="40.384" errors="0">
  <testcase name="serviceCreation" time="40.384" classname="com.codon.VueHMS.testcases.ServicesOfferedGrid"/>
</testsuite> <!-- com.codon.VueHMS.testcases.ServicesOfferedGrid -->
