<?xml version="1.0" encoding="UTF-8"?>
<!-- Generated by org.testng.reporters.JUnitReportReporter -->
<testsuite skipped="0" hostname="ARNALA" name="com.codon.VueHMS.testcases.MedicalHistoryTab" tests="1" failures="0" timestamp="19 Aug 2021 12:42:54 GMT" time="357.358" errors="0">
  <testcase name="editMedicalHistory" time="357.358" classname="com.codon.VueHMS.testcases.MedicalHistoryTab"/>
</testsuite> <!-- com.codon.VueHMS.testcases.MedicalHistoryTab -->
