<?xml version="1.0" encoding="UTF-8"?>
<!-- Generated by org.testng.reporters.JUnitReportReporter -->
<testsuite skipped="0" hostname="ARNALA" name="com.codon.VueHMS.testcases.PackTypes" tests="3" failures="0" timestamp="11 Aug 2021 11:27:06 GMT" time="411.507" errors="0">
  <testcase name="editPackTypes" time="148.439" classname="com.codon.VueHMS.testcases.PackTypes"/>
  <testcase name="deletePackTypes" time="76.835" classname="com.codon.VueHMS.testcases.PackTypes"/>
  <testcase name="packTypesCreation" time="186.233" classname="com.codon.VueHMS.testcases.PackTypes"/>
</testsuite> <!-- com.codon.VueHMS.testcases.PackTypes -->
