<?xml version="1.0" encoding="UTF-8"?>
<!-- Generated by org.testng.reporters.JUnitReportReporter -->
<testsuite skipped="0" hostname="ARNALA" name="com.codon.VueHMS.testcases.PrescribedTests" tests="1" failures="0" timestamp="20 Aug 2021 12:31:24 GMT" time="63.470" errors="0">
  <testcase name="deleteTests" time="63.470" classname="com.codon.VueHMS.testcases.PrescribedTests"/>
</testsuite> <!-- com.codon.VueHMS.testcases.PrescribedTests -->
