<?xml version="1.0" encoding="UTF-8"?>
<!-- Generated by org.testng.reporters.JUnitReportReporter -->
<testsuite skipped="0" hostname="ARNALA" name="com.codon.VueHMS.testcases.UsersGrid" tests="2" failures="0" timestamp="28 Jul 2021 10:50:30 GMT" time="204.241" errors="0">
  <testcase name="resetPassword" time="146.509" classname="com.codon.VueHMS.testcases.UsersGrid"/>
  <testcase name="deleteUser" time="57.732" classname="com.codon.VueHMS.testcases.UsersGrid"/>
</testsuite> <!-- com.codon.VueHMS.testcases.UsersGrid -->
