<?xml version="1.0" encoding="UTF-8"?>
<!-- Generated by org.testng.reporters.JUnitReportReporter -->
<testsuite hostname="NARASIMHA" failures="0" tests="3" name="com.anz.testcases.UserInfo" time="24.575" errors="0" timestamp="2023-08-02T16:01:36 IST" skipped="0">
  <testcase classname="com.anz.testcases.UserInfo" name="getErrorMsg" time="7.842"/>
  <system-out/>
  <testcase classname="com.anz.testcases.UserInfo" name="getAmountwithProperDetails" time="14.417"/>
  <system-out/>
  <testcase classname="com.anz.testcases.UserInfo" name="startOverthePage" time="2.316"/>
  <system-out/>
</testsuite> <!-- com.anz.testcases.UserInfo -->
